<?xml version="1.0" encoding="UTF-8"?>
<!-- Generated by org.testng.reporters.JUnitXMLReporter -->
<testsuite ignored="0" hostname="DESKTOP-VVN86PE" failures="0" tests="6" name="Default test" time="123.56" errors="0" timestamp="2020-04-17T09:57:51 IST">
  <testcase classname="com.prod.testsuite.TenxTNG" name="efc_pharmacy_prod" time="9.196"/>
  <testcase classname="com.prod.testsuite.TenxTNG" name="efc_admin_prod" time="8.441"/>
  <testcase classname="com.prod.testsuite.TenxTNG" name="gt_pharmacy_prod" time="8.452"/>
  <testcase classname="com.prod.testsuite.TenxTNG" name="gt_admin_prod" time="7.591"/>
  <testcase classname="com.prod.testsuite.TenxTNG" name="hn_pharmacy_prod" time="9.261"/>
  <testcase classname="com.prod.testsuite.TenxTNG" name="hn_admin_prod" time="7.699"/>
</testsuite> <!-- Default test -->
