<?xml version="1.0" encoding="UTF-8"?>
<!-- Generated by org.testng.reporters.JUnitXMLReporter -->
<testsuite ignored="5" hostname="DESKTOP-VVN86PE" failures="0" tests="1" name="Test" time="32.383" errors="0" timestamp="2020-04-20T10:56:02 IST">
  <testcase classname="com.prod.testsuite.TenxTNG" name="efc_pharmacy_prod" time="11.454"/>
  <testcase classname="com.prod.testsuite.TenxTNG" name="hn_pharmacy_prod" time="0.0">
    <ignored/>
  </testcase> <!-- hn_pharmacy_prod -->
  <testcase classname="com.prod.testsuite.TenxTNG" name="hn_admin_prod" time="0.0">
    <ignored/>
  </testcase> <!-- hn_admin_prod -->
  <testcase classname="com.prod.testsuite.TenxTNG" name="gt_pharmacy_prod" time="0.0">
    <ignored/>
  </testcase> <!-- gt_pharmacy_prod -->
  <testcase classname="com.prod.testsuite.TenxTNG" name="gt_admin_prod" time="0.0">
    <ignored/>
  </testcase> <!-- gt_admin_prod -->
  <testcase classname="com.prod.testsuite.TenxTNG" name="efc_admin_prod" time="0.0">
    <ignored/>
  </testcase> <!-- efc_admin_prod -->
</testsuite> <!-- Test -->
