<?xml version="1.0" encoding="UTF-8"?>
<!-- Generated by org.testng.reporters.JUnitXMLReporter -->
<testsuite ignored="0" hostname="DESKTOP-VVN86PE" failures="0" tests="6" name="Test" time="160.805" errors="0" timestamp="2020-04-20T16:24:03 IST">
  <testcase classname="com.prod.testsuite.TenxTNG" name="efc_pharmacy_prod" time="11.52"/>
  <testcase classname="com.prod.testsuite.TenxTNG" name="efc_admin_prod" time="11.878"/>
  <testcase classname="com.prod.testsuite.TenxTNG" name="gt_pharmacy_prod" time="12.84"/>
  <testcase classname="com.prod.testsuite.TenxTNG" name="gt_admin_prod" time="7.774"/>
  <testcase classname="com.prod.testsuite.TenxTNG" name="hn_pharmacy_prod" time="12.535"/>
  <testcase classname="com.prod.testsuite.TenxTNG" name="hn_admin_prod" time="8.002"/>
</testsuite> <!-- Test -->
