<?xml version="1.0" encoding="UTF-8"?>
<testng-results ignored="0" total="6" passed="6" failed="0" skipped="0">
  <reporter-output>
  </reporter-output>
  <suite started-at="2020-04-20T16:21:22 IST" name="Suite" finished-at="2020-04-20T16:24:03 IST" duration-ms="160805">
    <groups>
    </groups>
    <test started-at="2020-04-20T16:21:22 IST" name="Test" finished-at="2020-04-20T16:24:03 IST" duration-ms="160805">
      <class name="com.prod.testsuite.TenxTNG">
        <test-method is-config="true" signature="setExtent()[pri:0, instance:com.prod.testsuite.TenxTNG@33b37288]" started-at="2020-04-20T16:21:22 IST" name="setExtent" finished-at="2020-04-20T16:21:22 IST" duration-ms="442" status="PASS">
          <reporter-output>
          </reporter-output>
        </test-method> <!-- setExtent -->
        <test-method is-config="true" signature="browser()[pri:0, instance:com.prod.testsuite.TenxTNG@33b37288]" started-at="2020-04-20T16:21:22 IST" name="browser" finished-at="2020-04-20T16:21:57 IST" duration-ms="34797" status="PASS">
          <reporter-output>
          </reporter-output>
        </test-method> <!-- browser -->
        <test-method signature="efc_pharmacy_prod()[pri:0, instance:com.prod.testsuite.TenxTNG@33b37288]" started-at="2020-04-20T16:21:57 IST" name="efc_pharmacy_prod" finished-at="2020-04-20T16:22:09 IST" duration-ms="11520" status="PASS">
          <reporter-output>
          </reporter-output>
        </test-method> <!-- efc_pharmacy_prod -->
        <test-method is-config="true" signature="tearDown(org.testng.ITestResult)[pri:0, instance:com.prod.testsuite.TenxTNG@33b37288]" started-at="2020-04-20T16:22:09 IST" name="tearDown" finished-at="2020-04-20T16:22:10 IST" duration-ms="1024" status="PASS">
          <params>
            <param index="0">
              <value>
                <![CDATA[[TestResult name=efc_pharmacy_prod status=SUCCESS method=TenxTNG.efc_pharmacy_prod()[pri:0, instance:com.prod.testsuite.TenxTNG@33b37288] output={null}]]]>
              </value>
            </param>
          </params>
          <reporter-output>
          </reporter-output>
        </test-method> <!-- tearDown -->
        <test-method is-config="true" signature="browser()[pri:0, instance:com.prod.testsuite.TenxTNG@33b37288]" started-at="2020-04-20T16:22:10 IST" name="browser" finished-at="2020-04-20T16:22:23 IST" duration-ms="13345" status="PASS">
          <reporter-output>
          </reporter-output>
        </test-method> <!-- browser -->
        <test-method signature="efc_admin_prod()[pri:1, instance:com.prod.testsuite.TenxTNG@33b37288]" started-at="2020-04-20T16:22:23 IST" name="efc_admin_prod" finished-at="2020-04-20T16:22:35 IST" duration-ms="11878" status="PASS">
          <reporter-output>
          </reporter-output>
        </test-method> <!-- efc_admin_prod -->
        <test-method is-config="true" signature="tearDown(org.testng.ITestResult)[pri:0, instance:com.prod.testsuite.TenxTNG@33b37288]" started-at="2020-04-20T16:22:35 IST" name="tearDown" finished-at="2020-04-20T16:22:36 IST" duration-ms="863" status="PASS">
          <params>
            <param index="0">
              <value>
                <![CDATA[[TestResult name=efc_admin_prod status=SUCCESS method=TenxTNG.efc_admin_prod()[pri:1, instance:com.prod.testsuite.TenxTNG@33b37288] output={null}]]]>
              </value>
            </param>
          </params>
          <reporter-output>
          </reporter-output>
        </test-method> <!-- tearDown -->
        <test-method is-config="true" signature="browser()[pri:0, instance:com.prod.testsuite.TenxTNG@33b37288]" started-at="2020-04-20T16:22:36 IST" name="browser" finished-at="2020-04-20T16:22:49 IST" duration-ms="12950" status="PASS">
          <reporter-output>
          </reporter-output>
        </test-method> <!-- browser -->
        <test-method signature="gt_pharmacy_prod()[pri:2, instance:com.prod.testsuite.TenxTNG@33b37288]" started-at="2020-04-20T16:22:49 IST" name="gt_pharmacy_prod" finished-at="2020-04-20T16:23:02 IST" duration-ms="12840" status="PASS">
          <reporter-output>
          </reporter-output>
        </test-method> <!-- gt_pharmacy_prod -->
        <test-method is-config="true" signature="tearDown(org.testng.ITestResult)[pri:0, instance:com.prod.testsuite.TenxTNG@33b37288]" started-at="2020-04-20T16:23:02 IST" name="tearDown" finished-at="2020-04-20T16:23:02 IST" duration-ms="761" status="PASS">
          <params>
            <param index="0">
              <value>
                <![CDATA[[TestResult name=gt_pharmacy_prod status=SUCCESS method=TenxTNG.gt_pharmacy_prod()[pri:2, instance:com.prod.testsuite.TenxTNG@33b37288] output={null}]]]>
              </value>
            </param>
          </params>
          <reporter-output>
          </reporter-output>
        </test-method> <!-- tearDown -->
        <test-method is-config="true" signature="browser()[pri:0, instance:com.prod.testsuite.TenxTNG@33b37288]" started-at="2020-04-20T16:23:02 IST" name="browser" finished-at="2020-04-20T16:23:12 IST" duration-ms="9793" status="PASS">
          <reporter-output>
          </reporter-output>
        </test-method> <!-- browser -->
        <test-method signature="gt_admin_prod()[pri:3, instance:com.prod.testsuite.TenxTNG@33b37288]" started-at="2020-04-20T16:23:12 IST" name="gt_admin_prod" finished-at="2020-04-20T16:23:20 IST" duration-ms="7774" status="PASS">
          <reporter-output>
          </reporter-output>
        </test-method> <!-- gt_admin_prod -->
        <test-method is-config="true" signature="tearDown(org.testng.ITestResult)[pri:0, instance:com.prod.testsuite.TenxTNG@33b37288]" started-at="2020-04-20T16:23:20 IST" name="tearDown" finished-at="2020-04-20T16:23:21 IST" duration-ms="775" status="PASS">
          <params>
            <param index="0">
              <value>
                <![CDATA[[TestResult name=gt_admin_prod status=SUCCESS method=TenxTNG.gt_admin_prod()[pri:3, instance:com.prod.testsuite.TenxTNG@33b37288] output={null}]]]>
              </value>
            </param>
          </params>
          <reporter-output>
          </reporter-output>
        </test-method> <!-- tearDown -->
        <test-method is-config="true" signature="browser()[pri:0, instance:com.prod.testsuite.TenxTNG@33b37288]" started-at="2020-04-20T16:23:21 IST" name="browser" finished-at="2020-04-20T16:23:31 IST" duration-ms="9904" status="PASS">
          <reporter-output>
          </reporter-output>
        </test-method> <!-- browser -->
        <test-method signature="hn_pharmacy_prod()[pri:4, instance:com.prod.testsuite.TenxTNG@33b37288]" started-at="2020-04-20T16:23:31 IST" name="hn_pharmacy_prod" finished-at="2020-04-20T16:23:43 IST" duration-ms="12535" status="PASS">
          <reporter-output>
          </reporter-output>
        </test-method> <!-- hn_pharmacy_prod -->
        <test-method is-config="true" signature="tearDown(org.testng.ITestResult)[pri:0, instance:com.prod.testsuite.TenxTNG@33b37288]" started-at="2020-04-20T16:23:43 IST" name="tearDown" finished-at="2020-04-20T16:23:44 IST" duration-ms="1254" status="PASS">
          <params>
            <param index="0">
              <value>
                <![CDATA[[TestResult name=hn_pharmacy_prod status=SUCCESS method=TenxTNG.hn_pharmacy_prod()[pri:4, instance:com.prod.testsuite.TenxTNG@33b37288] output={null}]]]>
              </value>
            </param>
          </params>
          <reporter-output>
          </reporter-output>
        </test-method> <!-- tearDown -->
        <test-method is-config="true" signature="browser()[pri:0, instance:com.prod.testsuite.TenxTNG@33b37288]" started-at="2020-04-20T16:23:44 IST" name="browser" finished-at="2020-04-20T16:23:54 IST" duration-ms="9855" status="PASS">
          <reporter-output>
          </reporter-output>
        </test-method> <!-- browser -->
        <test-method signature="hn_admin_prod()[pri:5, instance:com.prod.testsuite.TenxTNG@33b37288]" started-at="2020-04-20T16:23:54 IST" name="hn_admin_prod" finished-at="2020-04-20T16:24:02 IST" duration-ms="8002" status="PASS">
          <reporter-output>
          </reporter-output>
        </test-method> <!-- hn_admin_prod -->
        <test-method is-config="true" signature="tearDown(org.testng.ITestResult)[pri:0, instance:com.prod.testsuite.TenxTNG@33b37288]" started-at="2020-04-20T16:24:02 IST" name="tearDown" finished-at="2020-04-20T16:24:03 IST" duration-ms="837" status="PASS">
          <params>
            <param index="0">
              <value>
                <![CDATA[[TestResult name=hn_admin_prod status=SUCCESS method=TenxTNG.hn_admin_prod()[pri:5, instance:com.prod.testsuite.TenxTNG@33b37288] output={null}]]]>
              </value>
            </param>
          </params>
          <reporter-output>
          </reporter-output>
        </test-method> <!-- tearDown -->
        <test-method is-config="true" signature="endReport()[pri:0, instance:com.prod.testsuite.TenxTNG@33b37288]" started-at="2020-04-20T16:24:03 IST" name="endReport" finished-at="2020-04-20T16:24:05 IST" duration-ms="1252" status="PASS">
          <reporter-output>
          </reporter-output>
        </test-method> <!-- endReport -->
      </class> <!-- com.prod.testsuite.TenxTNG -->
    </test> <!-- Test -->
  </suite> <!-- Suite -->
</testng-results>
