<?xml version="1.0" encoding="UTF-8"?>
<testng-results ignored="5" total="6" passed="1" failed="0" skipped="0">
  <reporter-output>
  </reporter-output>
  <suite started-at="2020-04-20T10:55:30 IST" name="Suite" finished-at="2020-04-20T10:56:02 IST" duration-ms="32383">
    <groups>
    </groups>
    <test started-at="2020-04-20T10:55:30 IST" name="Test" finished-at="2020-04-20T10:56:02 IST" duration-ms="32383">
      <class name="com.prod.testsuite.TenxTNG">
        <test-method is-config="true" signature="setExtent()[pri:0, instance:com.prod.testsuite.TenxTNG@6ac13091]" started-at="2020-04-20T10:55:30 IST" name="setExtent" finished-at="2020-04-20T10:55:30 IST" duration-ms="289" status="PASS">
          <reporter-output>
          </reporter-output>
        </test-method> <!-- setExtent -->
        <test-method is-config="true" signature="browser()[pri:0, instance:com.prod.testsuite.TenxTNG@6ac13091]" started-at="2020-04-20T10:55:30 IST" name="browser" finished-at="2020-04-20T10:55:48 IST" duration-ms="17690" status="PASS">
          <reporter-output>
          </reporter-output>
        </test-method> <!-- browser -->
        <test-method signature="efc_pharmacy_prod()[pri:0, instance:com.prod.testsuite.TenxTNG@6ac13091]" started-at="2020-04-20T10:55:48 IST" name="efc_pharmacy_prod" finished-at="2020-04-20T10:55:59 IST" duration-ms="11454" status="PASS">
          <reporter-output>
          </reporter-output>
        </test-method> <!-- efc_pharmacy_prod -->
        <test-method is-config="true" signature="tearDown(org.testng.ITestResult)[pri:0, instance:com.prod.testsuite.TenxTNG@6ac13091]" started-at="2020-04-20T10:55:59 IST" name="tearDown" finished-at="2020-04-20T10:56:00 IST" duration-ms="1242" status="PASS">
          <params>
            <param index="0">
              <value>
                <![CDATA[[TestResult name=efc_pharmacy_prod status=SUCCESS method=TenxTNG.efc_pharmacy_prod()[pri:0, instance:com.prod.testsuite.TenxTNG@6ac13091] output={null}]]]>
              </value>
            </param>
          </params>
          <reporter-output>
          </reporter-output>
        </test-method> <!-- tearDown -->
        <test-method is-config="true" signature="endReport()[pri:0, instance:com.prod.testsuite.TenxTNG@6ac13091]" started-at="2020-04-20T10:56:00 IST" name="endReport" finished-at="2020-04-20T10:56:02 IST" duration-ms="1606" status="PASS">
          <reporter-output>
          </reporter-output>
        </test-method> <!-- endReport -->
      </class> <!-- com.prod.testsuite.TenxTNG -->
    </test> <!-- Test -->
  </suite> <!-- Suite -->
</testng-results>
